E:\PROJECT\20190318晚班\C++\20190528头文件\头文件\头文件\DEBUG\PERSON.OBJ
E:\PROJECT\20190318晚班\C++\20190528头文件\头文件\头文件\DEBUG\源.OBJ
E:\PROJECT\20190318晚班\C++\20190528头文件\头文件\头文件\DEBUG\VC110.PDB
E:\PROJECT\20190318晚班\C++\20190528头文件\头文件\DEBUG\头文件.ILK
E:\PROJECT\20190318晚班\C++\20190528头文件\头文件\DEBUG\头文件.EXE
E:\PROJECT\20190318晚班\C++\20190528头文件\头文件\DEBUG\头文件.PDB
E:\Project\20190318晚班\C++\20190528头文件\头文件\头文件\Debug\Person.obj
E:\Project\20190318晚班\C++\20190528头文件\头文件\头文件\Debug\源.obj
E:\Project\20190318晚班\C++\20190528头文件\头文件\头文件\Debug\cl.command.1.tlog
E:\Project\20190318晚班\C++\20190528头文件\头文件\头文件\Debug\CL.read.1.tlog
E:\Project\20190318晚班\C++\20190528头文件\头文件\头文件\Debug\CL.write.1.tlog
E:\Project\20190318晚班\C++\20190528头文件\头文件\头文件\Debug\link-cvtres.read.1.tlog
E:\Project\20190318晚班\C++\20190528头文件\头文件\头文件\Debug\link-cvtres.write.1.tlog
E:\Project\20190318晚班\C++\20190528头文件\头文件\头文件\Debug\link-rc.read.1.tlog
E:\Project\20190318晚班\C++\20190528头文件\头文件\头文件\Debug\link-rc.write.1.tlog
E:\Project\20190318晚班\C++\20190528头文件\头文件\头文件\Debug\link.command.1.tlog
E:\Project\20190318晚班\C++\20190528头文件\头文件\头文件\Debug\link.read.1.tlog
E:\Project\20190318晚班\C++\20190528头文件\头文件\头文件\Debug\link.write.1.tlog
E:\Project\20190318晚班\C++\20190528头文件\头文件\头文件\Debug\vc110.idb
E:\Project\20190318晚班\C++\20190528头文件\头文件\头文件\Debug\vc110.pdb
E:\Project\20190318晚班\C++\20190528头文件\头文件\Debug\头文件.pdb
E:\Project\20190318晚班\C++\20190528头文件\头文件\Debug\头文件.exe
E:\Project\20190318晚班\C++\20190528头文件\头文件\Debug\头文件.ilk
