C:\USERS\- -\DOCUMENTS\VISUAL STUDIO 2012\PROJECTS\CPP11\CPP11\DEBUG\AUTO_PTR.OBJ
C:\USERS\- -\DOCUMENTS\VISUAL STUDIO 2012\PROJECTS\CPP11\CPP11\DEBUG\MAIN.OBJ
C:\USERS\- -\DOCUMENTS\VISUAL STUDIO 2012\PROJECTS\CPP11\CPP11\DEBUG\SHARED_PTR.OBJ
C:\USERS\- -\DOCUMENTS\VISUAL STUDIO 2012\PROJECTS\CPP11\CPP11\DEBUG\UNIQUE_PTR.OBJ
C:\USERS\- -\DOCUMENTS\VISUAL STUDIO 2012\PROJECTS\CPP11\CPP11\DEBUG\VC110.PDB
C:\USERS\- -\DOCUMENTS\VISUAL STUDIO 2012\PROJECTS\CPP11\CPP11\DEBUG\LAMDA.OBJ
C:\USERS\- -\DOCUMENTS\VISUAL STUDIO 2012\PROJECTS\CPP11\DEBUG\CPP11.ILK
C:\USERS\- -\DOCUMENTS\VISUAL STUDIO 2012\PROJECTS\CPP11\DEBUG\CPP11.EXE
C:\USERS\- -\DOCUMENTS\VISUAL STUDIO 2012\PROJECTS\CPP11\DEBUG\CPP11.PDB
C:\Users\- -\Documents\Visual Studio 2012\Projects\CPP11\CPP11\Debug\auto_ptr.obj
C:\Users\- -\Documents\Visual Studio 2012\Projects\CPP11\CPP11\Debug\lamda.obj
C:\Users\- -\Documents\Visual Studio 2012\Projects\CPP11\CPP11\Debug\main.obj
C:\Users\- -\Documents\Visual Studio 2012\Projects\CPP11\CPP11\Debug\shared_ptr.obj
C:\Users\- -\Documents\Visual Studio 2012\Projects\CPP11\CPP11\Debug\unique_ptr.obj
C:\Users\- -\Documents\Visual Studio 2012\Projects\CPP11\CPP11\Debug\cl.command.1.tlog
C:\Users\- -\Documents\Visual Studio 2012\Projects\CPP11\CPP11\Debug\CL.read.1.tlog
C:\Users\- -\Documents\Visual Studio 2012\Projects\CPP11\CPP11\Debug\CL.write.1.tlog
C:\Users\- -\Documents\Visual Studio 2012\Projects\CPP11\CPP11\Debug\link-cvtres.read.1.tlog
C:\Users\- -\Documents\Visual Studio 2012\Projects\CPP11\CPP11\Debug\link-cvtres.write.1.tlog
C:\Users\- -\Documents\Visual Studio 2012\Projects\CPP11\CPP11\Debug\link-rc.read.1.tlog
C:\Users\- -\Documents\Visual Studio 2012\Projects\CPP11\CPP11\Debug\link-rc.write.1.tlog
C:\Users\- -\Documents\Visual Studio 2012\Projects\CPP11\CPP11\Debug\link.11052-cvtres.read.1.tlog
C:\Users\- -\Documents\Visual Studio 2012\Projects\CPP11\CPP11\Debug\link.11052-cvtres.write.1.tlog
C:\Users\- -\Documents\Visual Studio 2012\Projects\CPP11\CPP11\Debug\link.11052-rc.read.1.tlog
C:\Users\- -\Documents\Visual Studio 2012\Projects\CPP11\CPP11\Debug\link.11052-rc.write.1.tlog
C:\Users\- -\Documents\Visual Studio 2012\Projects\CPP11\CPP11\Debug\link.11052.read.1.tlog
C:\Users\- -\Documents\Visual Studio 2012\Projects\CPP11\CPP11\Debug\link.11052.write.1.tlog
C:\Users\- -\Documents\Visual Studio 2012\Projects\CPP11\CPP11\Debug\link.15528-cvtres.read.1.tlog
C:\Users\- -\Documents\Visual Studio 2012\Projects\CPP11\CPP11\Debug\link.15528-cvtres.write.1.tlog
C:\Users\- -\Documents\Visual Studio 2012\Projects\CPP11\CPP11\Debug\link.15528-rc.read.1.tlog
C:\Users\- -\Documents\Visual Studio 2012\Projects\CPP11\CPP11\Debug\link.15528-rc.write.1.tlog
C:\Users\- -\Documents\Visual Studio 2012\Projects\CPP11\CPP11\Debug\link.15528.read.1.tlog
C:\Users\- -\Documents\Visual Studio 2012\Projects\CPP11\CPP11\Debug\link.15528.write.1.tlog
C:\Users\- -\Documents\Visual Studio 2012\Projects\CPP11\CPP11\Debug\link.command.1.tlog
C:\Users\- -\Documents\Visual Studio 2012\Projects\CPP11\CPP11\Debug\link.read.1.tlog
C:\Users\- -\Documents\Visual Studio 2012\Projects\CPP11\CPP11\Debug\link.write.1.tlog
C:\Users\- -\Documents\Visual Studio 2012\Projects\CPP11\CPP11\Debug\vc110.idb
C:\Users\- -\Documents\Visual Studio 2012\Projects\CPP11\CPP11\Debug\vc110.pdb
C:\Users\- -\Documents\Visual Studio 2012\Projects\CPP11\Debug\CPP11.pdb
C:\Users\- -\Documents\Visual Studio 2012\Projects\CPP11\Debug\CPP11.exe
C:\Users\- -\Documents\Visual Studio 2012\Projects\CPP11\Debug\CPP11.ilk
